build/app/outputs/mapping/release/mapping.txt
# compiler: R8
# compiler_version: 2.1.62
# min_api: 19
# pg_map_id: e77e514
# common_typos_disable
...
io.flutter.embedding.engine.systemchannels.PlatformViewsChannel$PlatformViewResizeRequest -> io.flutter.embedding.engine.j.j$c:
    double newLogicalWidth -> b
    double newLogicalHeight -> c
    int viewId -> a
io.flutter.embedding.engine.systemchannels.PlatformViewsChannel$PlatformViewTouch -> io.flutter.embedding.engine.j.j$d:
    int source -> n
    float yPrecision -> k
    int flags -> o
    float xPrecision -> j
    int deviceId -> l
    int edgeFlags -> m
    java.lang.Object rawPointerPropertiesList -> f
    java.lang.Object rawPointerCoords -> g
    int metaState -> h
    int buttonState -> i
    int action -> d
    int pointerCount -> e
    int viewId -> a
    java.lang.Number downTime -> b
    java.lang.Number eventTime -> c
    long motionEventId -> p
io.flutter.embedding.engine.systemchannels.PlatformViewsChannel$PlatformViewsHandler -> io.flutter.embedding.engine.j.j$e:
    void clearFocus(int) -> a
    void synchronizeToNativeViewHierarchy(boolean) -> b
    void resizePlatformView(io.flutter.embedding.engine.systemchannels.PlatformViewsChannel$PlatformViewResizeRequest,java.lang.Runnable) -> c
    void disposeAndroidViewForPlatformView(int) -> d
    void disposeVirtualDisplayForPlatformView(int) -> e
    long createVirtualDisplayForPlatformView(io.flutter.embedding.engine.systemchannels.PlatformViewsChannel$PlatformViewCreationRequest) -> f
    void setDirection(int,int) -> g
    void createAndroidViewForPlatformView(io.flutter.embedding.engine.systemchannels.PlatformViewsChannel$PlatformViewCreationRequest) -> h
    void onTouch(io.flutter.embedding.engine.systemchannels.PlatformViewsChannel$PlatformViewTouch) -> i
io.flutter.embedding.engine.systemchannels.RestorationChannel -> io.flutter.embedding.engine.j.k:
    byte[] restorationData -> b
    io.flutter.plugin.common.MethodChannel$MethodCallHandler handler -> g
    boolean engineHasProvidedData -> e
    boolean frameworkHasRequestedData -> f
    boolean waitForRestorationData -> a
    io.flutter.plugin.common.MethodChannel channel -> c
    io.flutter.plugin.common.MethodChannel$Result pendingFrameworkRestorationChannelRequest -> d
    byte[] access$000(io.flutter.embedding.engine.systemchannels.RestorationChannel) -> a
    byte[] access$002(io.flutter.embedding.engine.systemchannels.RestorationChannel,byte[]) -> b
    boolean access$102(io.flutter.embedding.engine.systemchannels.RestorationChannel,boolean) -> c
    boolean access$200(io.flutter.embedding.engine.systemchannels.RestorationChannel) -> d
    java.util.Map access$300(io.flutter.embedding.engine.systemchannels.RestorationChannel,byte[]) -> e
    io.flutter.plugin.common.MethodChannel$Result access$402(io.flutter.embedding.engine.systemchannels.RestorationChannel,io.flutter.plugin.common.MethodChannel$Result) -> f
    void clearData() -> g
    byte[] getRestorationData() -> h
    java.util.Map packageData(byte[]) -> i
    void setRestorationData(byte[]) -> j
io.flutter.embedding.engine.systemchannels.RestorationChannel$1 -> io.flutter.embedding.engine.j.k$a:
    byte[] val$data -> a
    io.flutter.embedding.engine.systemchannels.RestorationChannel this$0 -> b
    void success(java.lang.Object) -> a
    void error(java.lang.String,java.lang.String,java.lang.Object) -> b
    void notImplemented() -> c
io.flutter.embedding.engine.systemchannels.RestorationChannel$2 -> io.flutter.embedding.engine.j.k$b:
    io.flutter.embedding.engine.systemchannels.RestorationChannel this$0 -> a
    void onMethodCall(io.flutter.plugin.common.MethodCall,io.flutter.plugin.common.MethodChannel$Result) -> a
io.flutter.embedding.engine.systemchannels.SettingsChannel -> io.flutter.embedding.engine.j.l:
    io.flutter.plugin.common.BasicMessageChannel channel -> a
    io.flutter.embedding.engine.systemchannels.SettingsChannel$MessageBuilder startMessage() -> a