build/app/outputs/mapping/release/usage.txt
local.sushant.holiday_lodges.R$styleable
local.sushant.holiday_lodges.R$color
local.sushant.holiday_lodges.R$id
local.sushant.holiday_lodges.R
local.sushant.holiday_lodges.BuildConfig
local.sushant.holiday_lodges.R$dimen
local.sushant.holiday_lodges.R$string
local.sushant.holiday_lodges.R$attr
local.sushant.holiday_lodges.R$layout
local.sushant.holiday_lodges.R$drawable
local.sushant.holiday_lodges.R$mipmap
local.sushant.holiday_lodges.R$style
local.sushant.holiday_lodges.R$integer
...
androidx.loader.R$style
androidx.core.app.NotificationCompat$BubbleMetadata$Api29Impl
io.flutter.util.ViewUtils:
    public void <init>()
androidx.core.telephony.SubscriptionManagerCompat
androidx.core.net.ConnectivityManagerCompat
androidx.activity.ComponentActivity$1
androidx.core.view.DisplayCompat$ModeCompat
androidx.core.view.ViewCompat$AccessibilityPaneVisibilityManager
io.flutter.embedding.engine.dart.DartMessenger$DefaultTaskQueue
androidx.core.content.res.ResourcesCompat$FontCallback$2
androidx.loader.content.ModernAsyncTask$InternalHandler
androidx.core.view.animation.PathInterpolatorCompat
androidx.lifecycle.CompositeGeneratedAdaptersObserver:
    void <init>(androidx.lifecycle.GeneratedAdapter[])
androidx.customview.R$styleable
androidx.core.view.WindowInsetsAnimationCompat$Callback
androidx.core.content.res.ResourcesCompat$ColorStateListCacheKey
androidx.core.hardware.fingerprint.FingerprintManagerCompat$AuthenticationCallback
io.flutter.embedding.engine.FlutterEngineConnectionRegistry:
    public void add(java.util.Set)
    public io.flutter.embedding.engine.plugins.FlutterPlugin get(java.lang.Class)
    public void attachToService(android.app.Service,androidx.lifecycle.Lifecycle,boolean)
    public void onMoveToForeground()
    public void onMoveToBackground()
    public void attachToBroadcastReceiver(android.content.BroadcastReceiver,androidx.lifecycle.Lifecycle)
    public void attachToContentProvider(android.content.ContentProvider,androidx.lifecycle.Lifecycle)
    private static final java.lang.String TAG
androidx.core.view.accessibility.AccessibilityViewCommand$MoveWindowArguments
androidx.core.app.ActivityCompat$SharedElementCallback21Impl
androidx.lifecycle.Lifecycle:
    public abstract void addObserver(androidx.lifecycle.LifecycleObserver)
androidx.savedstate.SavedStateRegistryController
androidx.core.view.DisplayCompat$Api23Impl
androidx.webkit.internal.WebMessagePortImpl
androidx.core.app.JobIntentService$JobServiceEngineImpl$WrapperWorkItem
androidx.core.content.ContextCompat$Api26Impl
androidx.core.widget.TextViewOnReceiveContentListener$ApiImpl
androidx.webkit.R$string
androidx.core.view.ViewPropertyAnimatorCompat$ViewPropertyAnimatorListenerApi14
androidx.core.app.NotificationChannelCompat$Builder
androidx.core.app.NotificationCompatSideChannelService$NotificationSideChannelStub
io.flutter.embedding.engine.plugins.service.ServiceAware$OnModeChangeListener
androidx.activity.R$integer
androidx.versionedparcelable.VersionedParcelParcel:
    public void writeByteArray(byte[],int,int)
    public void writeLong(long)
    public void writeFloat(float)
    public void writeDouble(double)
    public void writeStrongBinder(android.os.IBinder)
    public void writeStrongInterface(android.os.IInterface)
    public void writeBundle(android.os.Bundle)
    public long readLong()
    public float readFloat()
    public double readDouble()
    public android.os.IBinder readStrongBinder()
    public android.os.Bundle readBundle()
    private static final boolean DEBUG
    private static final java.lang.String TAG
androidx.customview.widget.ViewDragHelper$2
androidx.core.widget.PopupMenuCompat
androidx.core.os.ProcessCompat$Api24Impl
androidx.lifecycle.R
androidx.core.provider.CallbackWithHandler$1
androidx.core.app.RemoteInput$Builder
androidx.fragment.app.DialogFragment$1
androidx.tracing.R
io.flutter.plugin.common.BinaryMessenger:
    public io.flutter.plugin.common.BinaryMessenger$TaskQueue makeBackgroundTaskQueue()
    public abstract void send(java.lang.String,java.nio.ByteBuffer)
androidx.collection.ArrayMap:
    public void <init>(int)
    public void <init>(androidx.collection.SimpleArrayMap)
    public boolean containsAll(java.util.Collection)
    public boolean removeAll(java.util.Collection)
    public boolean retainAll(java.util.Collection)